{
  "RSpec": {
    "coverage": {
      "/Users/pn/Documents/Ruby_kurssi/ratebeer/ratebeer/app/models/rating.rb": [
        1,
        1,
        1,
        null,
        1,
        null,
        null,
        null,
        1,
        31,
        null,
        null
      ],
      "/Users/pn/Documents/Ruby_kurssi/ratebeer/ratebeer/app/models/beer.rb": [
        1,
        1,
        null,
        1,
        1,
        1,
        1,
        null,
        1,
        1,
        null,
        1,
        2,
        null,
        null,
        null
      ],
      "/Users/pn/Documents/Ruby_kurssi/ratebeer/ratebeer/app/models/concerns/rating_average.rb": [
        null,
        1,
        1,
        1,
        null,
        null,
        11,
        null,
        null
      ],
      "/Users/pn/Documents/Ruby_kurssi/ratebeer/ratebeer/app/models/style.rb": [
        1,
        1,
        null,
        1,
        12,
        null,
        null,
        null
      ],
      "/Users/pn/Documents/Ruby_kurssi/ratebeer/ratebeer/app/helpers/application_helper.rb": [
        1,
        null
      ],
      "/Users/pn/Documents/Ruby_kurssi/ratebeer/ratebeer/app/helpers/beer_clubs_helper.rb": [
        1,
        null
      ],
      "/Users/pn/Documents/Ruby_kurssi/ratebeer/ratebeer/app/helpers/beers_helper.rb": [
        1,
        null
      ],
      "/Users/pn/Documents/Ruby_kurssi/ratebeer/ratebeer/app/helpers/breweries_helper.rb": [
        1,
        null
      ],
      "/Users/pn/Documents/Ruby_kurssi/ratebeer/ratebeer/app/helpers/memberships_helper.rb": [
        1,
        null
      ],
      "/Users/pn/Documents/Ruby_kurssi/ratebeer/ratebeer/app/helpers/styles_helper.rb": [
        1,
        null
      ],
      "/Users/pn/Documents/Ruby_kurssi/ratebeer/ratebeer/app/helpers/users_helper.rb": [
        1,
        null
      ],
      "/Users/pn/Documents/Ruby_kurssi/ratebeer/ratebeer/app/models/user.rb": [
        1,
        1,
        1,
        1,
        1,
        1,
        1,
        null,
        1,
        null,
        null,
        1,
        null,
        1,
        3,
        null,
        null,
        1,
        3,
        2,
        null,
        null,
        1,
        9,
        null,
        37,
        23,
        null,
        null,
        1,
        9,
        null,
        37,
        20,
        null,
        null,
        1,
        null,
        1,
        66,
        14,
        null,
        null,
        1,
        55,
        11,
        null,
        null,
        null,
        null,
        null
      ],
      "/Users/pn/Documents/Ruby_kurssi/ratebeer/ratebeer/app/models/brewery.rb": [
        1,
        1,
        null,
        1,
        1,
        null,
        1,
        26,
        null
      ],
      "/Users/pn/Documents/Ruby_kurssi/ratebeer/ratebeer/app/controllers/sessions_controller.rb": [
        null,
        1,
        1,
        null,
        null,
        1,
        9,
        9,
        8,
        8,
        null,
        1,
        null,
        null,
        null,
        1,
        0,
        0,
        null,
        null
      ],
      "/Users/pn/Documents/Ruby_kurssi/ratebeer/ratebeer/app/controllers/application_controller.rb": [
        1,
        null,
        null,
        1,
        null,
        null,
        1,
        null,
        1,
        141,
        95,
        null,
        null,
        1,
        4,
        null,
        null
      ],
      "/Users/pn/Documents/Ruby_kurssi/ratebeer/ratebeer/app/controllers/users_controller.rb": [
        1,
        1,
        null,
        null,
        null,
        1,
        0,
        null,
        null,
        null,
        null,
        1,
        null,
        null,
        null,
        1,
        0,
        null,
        null,
        null,
        1,
        null,
        null,
        null,
        null,
        1,
        0,
        null,
        0,
        0,
        0,
        0,
        null,
        0,
        0,
        null,
        null,
        null,
        null,
        null,
        null,
        null,
        1,
        0,
        0,
        0,
        0,
        null,
        0,
        0,
        null,
        null,
        null,
        null,
        null,
        null,
        1,
        0,
        0,
        0,
        0,
        0,
        0,
        null,
        null,
        null,
        null,
        1,
        null,
        1,
        17,
        null,
        null,
        null,
        1,
        0,
        null,
        null
      ],
      "/Users/pn/Documents/Ruby_kurssi/ratebeer/ratebeer/app/models/membership.rb": [
        1,
        1,
        1,
        null,
        1,
        0,
        0,
        null,
        null,
        1,
        0,
        null,
        null
      ],
      "/Users/pn/Documents/Ruby_kurssi/ratebeer/ratebeer/app/controllers/beers_controller.rb": [
        1,
        1,
        1,
        1,
        null,
        null,
        null,
        1,
        1,
        null,
        null,
        null,
        null,
        1,
        0,
        0,
        null,
        null,
        null,
        1,
        2,
        null,
        null,
        null,
        1,
        null,
        null,
        null,
        null,
        1,
        2,
        2,
        2,
        2,
        1,
        null,
        1,
        1,
        2,
        1,
        null,
        null,
        null,
        null,
        null,
        null,
        1,
        0,
        0,
        0,
        0,
        null,
        0,
        0,
        null,
        null,
        null,
        null,
        null,
        null,
        1,
        0,
        0,
        0,
        0,
        null,
        null,
        null,
        1,
        null,
        1,
        0,
        null,
        null,
        null,
        1,
        2,
        null,
        null,
        1,
        4,
        4,
        null,
        null
      ],
      "/Users/pn/Documents/Ruby_kurssi/ratebeer/ratebeer/app/controllers/breweries_controller.rb": [
        1,
        1,
        1,
        null,
        null,
        null,
        1,
        3,
        null,
        null,
        null,
        null,
        1,
        null,
        null,
        null,
        1,
        0,
        null,
        null,
        null,
        1,
        null,
        null,
        null,
        null,
        1,
        0,
        null,
        0,
        0,
        0,
        0,
        null,
        0,
        0,
        null,
        null,
        null,
        null,
        null,
        null,
        1,
        0,
        0,
        0,
        0,
        null,
        0,
        0,
        null,
        null,
        null,
        null,
        null,
        null,
        1,
        0,
        0,
        0,
        0,
        null,
        null,
        null,
        1,
        null,
        1,
        1,
        null,
        null,
        null,
        1,
        0,
        null,
        null,
        null
      ],
      "/Users/pn/Documents/Ruby_kurssi/ratebeer/ratebeer/lib/beermapping_api.rb": [
        null,
        1,
        1,
        5,
        9,
        null,
        null,
        1,
        null,
        1,
        4,
        4,
        4,
        4,
        3,
        3,
        5,
        null,
        null,
        null,
        1,
        4,
        4,
        null,
        null
      ],
      "/Users/pn/Documents/Ruby_kurssi/ratebeer/ratebeer/app/models/place.rb": [
        null,
        1,
        1,
        1,
        null,
        1,
        0,
        null,
        null,
        null
      ],
      "/Users/pn/Documents/Ruby_kurssi/ratebeer/ratebeer/app/controllers/places_controller.rb": [
        null,
        1,
        1,
        null,
        null,
        1,
        0,
        null,
        null,
        1,
        3,
        3,
        1,
        null,
        2,
        null,
        2,
        null,
        null,
        null
      ],
      "/Users/pn/Documents/Ruby_kurssi/ratebeer/ratebeer/app/controllers/ratings_controller.rb": [
        null,
        1,
        1,
        1,
        1,
        null,
        null,
        1,
        1,
        1,
        null,
        null,
        1,
        1,
        null,
        1,
        0,
        1,
        1,
        1,
        null,
        0,
        0,
        null,
        null,
        null,
        1,
        2,
        2,
        2,
        null,
        null
      ],
      "/Users/pn/Documents/Ruby_kurssi/ratebeer/ratebeer/app/controllers/beer_clubs_controller.rb": [
        0,
        0,
        0,
        0,
        0,
        0,
        0,
        0,
        0,
        0,
        0,
        0,
        0,
        0,
        0,
        0,
        0,
        0,
        0,
        0,
        0,
        0,
        0,
        0,
        0,
        0,
        0,
        0,
        0,
        0,
        0,
        0,
        0,
        0,
        0,
        0,
        0,
        0,
        0,
        0,
        0,
        0,
        0,
        0,
        0,
        0,
        0,
        0,
        0,
        0,
        0,
        0,
        0,
        0,
        0,
        0,
        0,
        0,
        0,
        0,
        0,
        0,
        0,
        0,
        0,
        0,
        0,
        0,
        0,
        0,
        0,
        0,
        0,
        0,
        0,
        0,
        0
      ],
      "/Users/pn/Documents/Ruby_kurssi/ratebeer/ratebeer/app/controllers/memberships_controller.rb": [
        0,
        0,
        0,
        0,
        0,
        0,
        0,
        0,
        0,
        0,
        0,
        0,
        0,
        0,
        0,
        0,
        0,
        0,
        0,
        0,
        0,
        0,
        0,
        0,
        0,
        0,
        0,
        0,
        0,
        0,
        0,
        0,
        0,
        0,
        0,
        0,
        0,
        0,
        0,
        0,
        0,
        0,
        0,
        0,
        0,
        0,
        0,
        0,
        0,
        0,
        0,
        0,
        0,
        0,
        0,
        0,
        0,
        0,
        0,
        0,
        0,
        0,
        0,
        0,
        0,
        0,
        0,
        0,
        0,
        0,
        0,
        0,
        0,
        0,
        0,
        0
      ],
      "/Users/pn/Documents/Ruby_kurssi/ratebeer/ratebeer/app/controllers/styles_controller.rb": [
        0,
        0,
        0,
        0,
        0,
        0,
        0,
        0,
        0,
        0,
        0,
        0,
        0,
        0,
        0,
        0,
        0,
        0,
        0,
        0,
        0,
        0,
        0,
        0,
        0,
        0,
        0,
        0,
        0,
        0,
        0,
        0,
        0,
        0,
        0,
        0,
        0,
        0,
        0,
        0,
        0,
        0,
        0,
        0,
        0,
        0,
        0,
        0,
        0,
        0,
        0,
        0,
        0,
        0,
        0,
        0,
        0,
        0,
        0,
        0,
        0,
        0,
        0,
        0,
        0,
        0,
        0,
        0,
        0,
        0,
        0,
        0,
        0,
        0
      ],
      "/Users/pn/Documents/Ruby_kurssi/ratebeer/ratebeer/app/models/beer_club.rb": [
        0,
        0,
        0,
        0,
        0,
        0,
        0,
        0
      ]
    },
    "timestamp": 1455893457
  }
}
